<?xml version="1.0" encoding="UTF-8"?>
<testsuite name="testFileManager" tests="1" skipped="0" failures="0" errors="0" timestamp="2018-12-16T23:25:35" hostname="LAPTOP-PSUEU010" time="0.035">
  <properties/>
  <testcase name="testWrite()" classname="testFileManager" time="0.035"/>
  <system-out><![CDATA[]]></system-out>
  <system-err><![CDATA[]]></system-err>
</testsuite>
